0 info it worked if it ends with ok
1 verbose cli [ 'C:\\Program Files\\nodejs\\node.exe',
1 verbose cli   'C:\\Program Files\\nodejs\\node_modules\\npm\\bin\\npm-cli.js',
1 verbose cli   'install',
1 verbose cli   'bcrypt' ]
2 info using npm@3.10.10
3 info using node@v6.11.3
4 silly loadCurrentTree Starting
5 silly install loadCurrentTree
6 silly install readLocalPackageData
7 silly fetchPackageMetaData bcrypt@^0.8.5
8 silly fetchNamedPackageData bcrypt
9 silly mapToRegistry name bcrypt
10 silly mapToRegistry using default registry
11 silly mapToRegistry registry https://registry.npmjs.org/
12 silly mapToRegistry data Result {
12 silly mapToRegistry   raw: 'bcrypt',
12 silly mapToRegistry   scope: null,
12 silly mapToRegistry   escapedName: 'bcrypt',
12 silly mapToRegistry   name: 'bcrypt',
12 silly mapToRegistry   rawSpec: '',
12 silly mapToRegistry   spec: 'latest',
12 silly mapToRegistry   type: 'tag' }
13 silly mapToRegistry uri https://registry.npmjs.org/bcrypt
14 verbose request uri https://registry.npmjs.org/bcrypt
15 verbose request no auth needed
16 info attempt registry request try #1 at 1:16:33 PM
17 verbose request id 637d79317550362a
18 verbose etag W/"59dbf723-17fc7"
19 verbose lastModified Mon, 09 Oct 2017 22:24:35 GMT
20 http request GET https://registry.npmjs.org/bcrypt
21 http 304 https://registry.npmjs.org/bcrypt
22 verbose headers { date: 'Wed, 11 Oct 2017 07:46:35 GMT',
22 verbose headers   via: '1.1 varnish',
22 verbose headers   'cache-control': 'max-age=300',
22 verbose headers   etag: 'W/"59dbf723-17fc7"',
22 verbose headers   age: '251',
22 verbose headers   connection: 'keep-alive',
22 verbose headers   'x-served-by': 'cache-sin18025-SIN',
22 verbose headers   'x-cache': 'HIT',
22 verbose headers   'x-cache-hits': '1',
22 verbose headers   'x-timer': 'S1507707995.019182,VS0,VE0',
22 verbose headers   vary: 'Accept-Encoding, Accept' }
23 silly get cb [ 304,
23 silly get   { date: 'Wed, 11 Oct 2017 07:46:35 GMT',
23 silly get     via: '1.1 varnish',
23 silly get     'cache-control': 'max-age=300',
23 silly get     etag: 'W/"59dbf723-17fc7"',
23 silly get     age: '251',
23 silly get     connection: 'keep-alive',
23 silly get     'x-served-by': 'cache-sin18025-SIN',
23 silly get     'x-cache': 'HIT',
23 silly get     'x-cache-hits': '1',
23 silly get     'x-timer': 'S1507707995.019182,VS0,VE0',
23 silly get     vary: 'Accept-Encoding, Accept' } ]
24 verbose etag https://registry.npmjs.org/bcrypt from cache
25 verbose get saving bcrypt to C:\Users\IBM_ADMIN\AppData\Roaming\npm-cache\registry.npmjs.org\bcrypt\.cache.json
26 verbose correctMkdir C:\Users\IBM_ADMIN\AppData\Roaming\npm-cache correctMkdir not in flight; initializing
27 silly install normalizeTree
28 silly loadCurrentTree Finishing
29 silly loadIdealTree Starting
30 silly install loadIdealTree
31 silly cloneCurrentTree Starting
32 silly install cloneCurrentTreeToIdealTree
33 silly cloneCurrentTree Finishing
34 silly loadShrinkwrap Starting
35 silly install loadShrinkwrap
36 silly loadShrinkwrap Finishing
37 silly loadAllDepsIntoIdealTree Starting
38 silly install loadAllDepsIntoIdealTree
39 silly resolveWithNewModule bcrypt@0.8.7 checking installable status
40 silly cache add args [ 'bcrypt@^0.8.5', null ]
41 verbose cache add spec bcrypt@^0.8.5
42 silly cache add parsed spec Result {
42 silly cache add   raw: 'bcrypt@^0.8.5',
42 silly cache add   scope: null,
42 silly cache add   escapedName: 'bcrypt',
42 silly cache add   name: 'bcrypt',
42 silly cache add   rawSpec: '^0.8.5',
42 silly cache add   spec: '>=0.8.5 <0.9.0',
42 silly cache add   type: 'range' }
43 silly addNamed bcrypt@>=0.8.5 <0.9.0
44 verbose addNamed ">=0.8.5 <0.9.0" is a valid semver range for bcrypt
45 silly addNameRange { name: 'bcrypt', range: '>=0.8.5 <0.9.0', hasData: false }
46 silly mapToRegistry name bcrypt
47 silly mapToRegistry using default registry
48 silly mapToRegistry registry https://registry.npmjs.org/
49 silly mapToRegistry data Result {
49 silly mapToRegistry   raw: 'bcrypt',
49 silly mapToRegistry   scope: null,
49 silly mapToRegistry   escapedName: 'bcrypt',
49 silly mapToRegistry   name: 'bcrypt',
49 silly mapToRegistry   rawSpec: '',
49 silly mapToRegistry   spec: 'latest',
49 silly mapToRegistry   type: 'tag' }
50 silly mapToRegistry uri https://registry.npmjs.org/bcrypt
51 verbose addNameRange registry:https://registry.npmjs.org/bcrypt not in flight; fetching
52 verbose get https://registry.npmjs.org/bcrypt not expired, no request
53 silly addNameRange number 2 { name: 'bcrypt', range: '>=0.8.5 <0.9.0', hasData: true }
54 silly addNameRange versions [ 'bcrypt',
54 silly addNameRange   [ '0.1.2',
54 silly addNameRange     '0.2.0',
54 silly addNameRange     '0.2.1',
54 silly addNameRange     '0.1.3',
54 silly addNameRange     '0.2.2',
54 silly addNameRange     '0.2.3',
54 silly addNameRange     '0.2.4',
54 silly addNameRange     '0.3.0',
54 silly addNameRange     '0.3.1',
54 silly addNameRange     '0.3.2',
54 silly addNameRange     '0.4.0',
54 silly addNameRange     '0.4.1',
54 silly addNameRange     '0.5.0',
54 silly addNameRange     '0.6.0',
54 silly addNameRange     '0.7.0',
54 silly addNameRange     '0.7.1',
54 silly addNameRange     '0.7.2',
54 silly addNameRange     '0.7.3',
54 silly addNameRange     '0.7.4',
54 silly addNameRange     '0.7.5',
54 silly addNameRange     '0.7.6',
54 silly addNameRange     '0.7.7',
54 silly addNameRange     '0.7.8',
54 silly addNameRange     '0.8.0',
54 silly addNameRange     '0.8.1',
54 silly addNameRange     '0.8.2',
54 silly addNameRange     '0.8.3',
54 silly addNameRange     '0.8.4',
54 silly addNameRange     '0.8.5',
54 silly addNameRange     '0.8.6',
54 silly addNameRange     '0.8.7',
54 silly addNameRange     '1.0.0',
54 silly addNameRange     '1.0.1',
54 silly addNameRange     '1.0.2',
54 silly addNameRange     '1.0.3' ] ]
55 silly addNamed bcrypt@0.8.7
56 verbose addNamed "0.8.7" is a plain semver version for bcrypt
57 silly cache afterAdd bcrypt@0.8.7
58 verbose afterAdd C:\Users\IBM_ADMIN\AppData\Roaming\npm-cache\bcrypt\0.8.7\package\package.json not in flight; writing
59 verbose correctMkdir C:\Users\IBM_ADMIN\AppData\Roaming\npm-cache correctMkdir not in flight; initializing
60 verbose afterAdd C:\Users\IBM_ADMIN\AppData\Roaming\npm-cache\bcrypt\0.8.7\package\package.json written
61 silly fetchNamedPackageData bindings
62 silly mapToRegistry name bindings
63 silly mapToRegistry using default registry
64 silly mapToRegistry registry https://registry.npmjs.org/
65 silly mapToRegistry data Result {
65 silly mapToRegistry   raw: 'bindings',
65 silly mapToRegistry   scope: null,
65 silly mapToRegistry   escapedName: 'bindings',
65 silly mapToRegistry   name: 'bindings',
65 silly mapToRegistry   rawSpec: '',
65 silly mapToRegistry   spec: 'latest',
65 silly mapToRegistry   type: 'tag' }
66 silly mapToRegistry uri https://registry.npmjs.org/bindings
67 silly fetchNamedPackageData nan
68 silly mapToRegistry name nan
69 silly mapToRegistry using default registry
70 silly mapToRegistry registry https://registry.npmjs.org/
71 silly mapToRegistry data Result {
71 silly mapToRegistry   raw: 'nan',
71 silly mapToRegistry   scope: null,
71 silly mapToRegistry   escapedName: 'nan',
71 silly mapToRegistry   name: 'nan',
71 silly mapToRegistry   rawSpec: '',
71 silly mapToRegistry   spec: 'latest',
71 silly mapToRegistry   type: 'tag' }
72 silly mapToRegistry uri https://registry.npmjs.org/nan
73 verbose request uri https://registry.npmjs.org/bindings
74 verbose request no auth needed
75 info attempt registry request try #1 at 1:16:34 PM
76 verbose etag W/"59b28ad4-4c18"
77 verbose lastModified Fri, 08 Sep 2017 12:19:32 GMT
78 http request GET https://registry.npmjs.org/bindings
79 verbose get https://registry.npmjs.org/nan not expired, no request
80 silly resolveWithNewModule nan@2.3.5 checking installable status
81 silly cache add args [ 'nan@2.3.5', null ]
82 verbose cache add spec nan@2.3.5
83 silly cache add parsed spec Result {
83 silly cache add   raw: 'nan@2.3.5',
83 silly cache add   scope: null,
83 silly cache add   escapedName: 'nan',
83 silly cache add   name: 'nan',
83 silly cache add   rawSpec: '2.3.5',
83 silly cache add   spec: '2.3.5',
83 silly cache add   type: 'version' }
84 silly addNamed nan@2.3.5
85 verbose addNamed "2.3.5" is a plain semver version for nan
86 silly mapToRegistry name nan
87 silly mapToRegistry using default registry
88 silly mapToRegistry registry https://registry.npmjs.org/
89 silly mapToRegistry data Result {
89 silly mapToRegistry   raw: 'nan',
89 silly mapToRegistry   scope: null,
89 silly mapToRegistry   escapedName: 'nan',
89 silly mapToRegistry   name: 'nan',
89 silly mapToRegistry   rawSpec: '',
89 silly mapToRegistry   spec: 'latest',
89 silly mapToRegistry   type: 'tag' }
90 silly mapToRegistry uri https://registry.npmjs.org/nan
91 verbose addNameVersion registry:https://registry.npmjs.org/nan not in flight; fetching
92 verbose get https://registry.npmjs.org/nan not expired, no request
93 silly cache afterAdd nan@2.3.5
94 verbose afterAdd C:\Users\IBM_ADMIN\AppData\Roaming\npm-cache\nan\2.3.5\package\package.json not in flight; writing
95 verbose correctMkdir C:\Users\IBM_ADMIN\AppData\Roaming\npm-cache correctMkdir not in flight; initializing
96 verbose afterAdd C:\Users\IBM_ADMIN\AppData\Roaming\npm-cache\nan\2.3.5\package\package.json written
97 http 304 https://registry.npmjs.org/bindings
98 verbose headers { date: 'Wed, 11 Oct 2017 07:46:35 GMT',
98 verbose headers   via: '1.1 varnish',
98 verbose headers   'cache-control': 'max-age=300',
98 verbose headers   etag: 'W/"59b28ad4-4c18"',
98 verbose headers   age: '30',
98 verbose headers   connection: 'keep-alive',
98 verbose headers   'x-served-by': 'cache-sin18025-SIN',
98 verbose headers   'x-cache': 'HIT',
98 verbose headers   'x-cache-hits': '1',
98 verbose headers   'x-timer': 'S1507707995.285280,VS0,VE1',
98 verbose headers   vary: 'Accept-Encoding, Accept' }
99 silly get cb [ 304,
99 silly get   { date: 'Wed, 11 Oct 2017 07:46:35 GMT',
99 silly get     via: '1.1 varnish',
99 silly get     'cache-control': 'max-age=300',
99 silly get     etag: 'W/"59b28ad4-4c18"',
99 silly get     age: '30',
99 silly get     connection: 'keep-alive',
99 silly get     'x-served-by': 'cache-sin18025-SIN',
99 silly get     'x-cache': 'HIT',
99 silly get     'x-cache-hits': '1',
99 silly get     'x-timer': 'S1507707995.285280,VS0,VE1',
99 silly get     vary: 'Accept-Encoding, Accept' } ]
100 verbose etag https://registry.npmjs.org/bindings from cache
101 verbose get saving bindings to C:\Users\IBM_ADMIN\AppData\Roaming\npm-cache\registry.npmjs.org\bindings\.cache.json
102 verbose correctMkdir C:\Users\IBM_ADMIN\AppData\Roaming\npm-cache correctMkdir not in flight; initializing
103 silly resolveWithNewModule bindings@1.2.1 checking installable status
104 silly cache add args [ 'bindings@1.2.1', null ]
105 verbose cache add spec bindings@1.2.1
106 silly cache add parsed spec Result {
106 silly cache add   raw: 'bindings@1.2.1',
106 silly cache add   scope: null,
106 silly cache add   escapedName: 'bindings',
106 silly cache add   name: 'bindings',
106 silly cache add   rawSpec: '1.2.1',
106 silly cache add   spec: '1.2.1',
106 silly cache add   type: 'version' }
107 silly addNamed bindings@1.2.1
108 verbose addNamed "1.2.1" is a plain semver version for bindings
109 silly mapToRegistry name bindings
110 silly mapToRegistry using default registry
111 silly mapToRegistry registry https://registry.npmjs.org/
112 silly mapToRegistry data Result {
112 silly mapToRegistry   raw: 'bindings',
112 silly mapToRegistry   scope: null,
112 silly mapToRegistry   escapedName: 'bindings',
112 silly mapToRegistry   name: 'bindings',
112 silly mapToRegistry   rawSpec: '',
112 silly mapToRegistry   spec: 'latest',
112 silly mapToRegistry   type: 'tag' }
113 silly mapToRegistry uri https://registry.npmjs.org/bindings
114 verbose addNameVersion registry:https://registry.npmjs.org/bindings not in flight; fetching
115 verbose get https://registry.npmjs.org/bindings not expired, no request
116 silly cache afterAdd bindings@1.2.1
117 verbose afterAdd C:\Users\IBM_ADMIN\AppData\Roaming\npm-cache\bindings\1.2.1\package\package.json not in flight; writing
118 verbose correctMkdir C:\Users\IBM_ADMIN\AppData\Roaming\npm-cache correctMkdir not in flight; initializing
119 verbose afterAdd C:\Users\IBM_ADMIN\AppData\Roaming\npm-cache\bindings\1.2.1\package\package.json written
120 silly loadAllDepsIntoIdealTree Finishing
121 silly loadIdealTree Finishing
122 silly currentTree package.json@1.0.0
122 silly currentTree +-- abbrev@1.1.1
122 silly currentTree +-- accepts@1.2.13
122 silly currentTree +-- ajv@5.2.3
122 silly currentTree +-- angular@1.6.6
122 silly currentTree +-- ansi-regex@2.1.1
122 silly currentTree +-- aproba@1.2.0
122 silly currentTree +-- are-we-there-yet@1.1.4
122 silly currentTree +-- argparse@1.0.9
122 silly currentTree +-- asn1@0.2.3
122 silly currentTree +-- assert-plus@1.0.0
122 silly currentTree +-- asynckit@0.4.0
122 silly currentTree +-- aws-sign2@0.7.0
122 silly currentTree +-- aws4@1.6.0
122 silly currentTree +-- balanced-match@1.0.0
122 silly currentTree +-- bcrypt-pbkdf@1.0.1
122 silly currentTree +-- bignumber.js@4.0.4
122 silly currentTree +-- block-stream@0.0.9
122 silly currentTree +-- bluebird@3.4.7
122 silly currentTree +-- body-parser@1.18.2
122 silly currentTree | +-- debug@2.6.9
122 silly currentTree | +-- depd@1.1.1
122 silly currentTree | +-- ee-first@1.1.1
122 silly currentTree | +-- ms@2.0.0
122 silly currentTree | +-- on-finished@2.3.0
122 silly currentTree | `-- qs@6.5.1
122 silly currentTree +-- boom@4.3.1
122 silly currentTree +-- brace-expansion@1.1.8
122 silly currentTree +-- bytes@3.0.0
122 silly currentTree +-- caseless@0.12.0
122 silly currentTree +-- cfenv@1.0.4
122 silly currentTree +-- co@4.6.0
122 silly currentTree +-- code-point-at@1.1.0
122 silly currentTree +-- combined-stream@1.0.5
122 silly currentTree +-- concat-map@0.0.1
122 silly currentTree +-- console-control-strings@1.1.0
122 silly currentTree +-- content-disposition@0.5.0
122 silly currentTree +-- content-type@1.0.4
122 silly currentTree +-- cookie-parser@1.4.3
122 silly currentTree | `-- cookie@0.3.1
122 silly currentTree +-- cookie-signature@1.0.6
122 silly currentTree +-- cookie@0.1.2
122 silly currentTree +-- core-util-is@1.0.2
122 silly currentTree +-- crc@3.2.1
122 silly currentTree +-- cryptiles@3.1.2
122 silly currentTree | `-- boom@5.2.0
122 silly currentTree +-- dashdash@1.14.1
122 silly currentTree +-- debug@2.2.0
122 silly currentTree +-- deep-extend@0.4.2
122 silly currentTree +-- delayed-stream@1.0.0
122 silly currentTree +-- delegates@1.0.0
122 silly currentTree +-- depd@1.0.1
122 silly currentTree +-- destroy@1.0.3
122 silly currentTree +-- dotenv@1.2.0
122 silly currentTree +-- ecc-jsbn@0.1.1
122 silly currentTree +-- ee-first@1.1.0
122 silly currentTree +-- escape-html@1.0.1
122 silly currentTree +-- esprima@2.7.3
122 silly currentTree +-- etag@1.6.0
122 silly currentTree +-- express-session@1.15.6
122 silly currentTree | +-- cookie@0.3.1
122 silly currentTree | +-- crc@3.4.4
122 silly currentTree | +-- debug@2.6.9
122 silly currentTree | +-- depd@1.1.1
122 silly currentTree | +-- ms@2.0.0
122 silly currentTree | `-- utils-merge@1.0.1
122 silly currentTree +-- express-validator@2.21.0
122 silly currentTree +-- express@4.12.4
122 silly currentTree +-- extend@3.0.1
122 silly currentTree +-- extsprintf@1.3.0
122 silly currentTree +-- fast-deep-equal@1.0.0
122 silly currentTree +-- finalhandler@0.3.6
122 silly currentTree +-- forever-agent@0.6.1
122 silly currentTree +-- form-data@2.3.1
122 silly currentTree +-- forwarded@0.1.2
122 silly currentTree +-- fresh@0.2.4
122 silly currentTree +-- fs.realpath@1.0.0
122 silly currentTree +-- fstream-ignore@1.0.5
122 silly currentTree +-- fstream@1.0.11
122 silly currentTree +-- gauge@2.7.4
122 silly currentTree +-- getpass@0.1.7
122 silly currentTree +-- glob@7.1.2
122 silly currentTree +-- graceful-fs@4.1.11
122 silly currentTree +-- har-schema@2.0.0
122 silly currentTree +-- har-validator@5.0.3
122 silly currentTree +-- has-unicode@2.0.1
122 silly currentTree +-- hawk@6.0.2
122 silly currentTree +-- hoek@4.2.0
122 silly currentTree +-- http-errors@1.6.2
122 silly currentTree | `-- depd@1.1.1
122 silly currentTree +-- http-signature@1.2.0
122 silly currentTree +-- http@0.0.0
122 silly currentTree +-- iconv-lite@0.4.19
122 silly currentTree +-- inflight@1.0.6
122 silly currentTree +-- inherits@2.0.3
122 silly currentTree +-- ini@1.3.4
122 silly currentTree +-- ipaddr.js@1.0.5
122 silly currentTree +-- is-fullwidth-code-point@1.0.0
122 silly currentTree +-- is-typedarray@1.0.0
122 silly currentTree +-- isarray@1.0.0
122 silly currentTree +-- isstream@0.1.2
122 silly currentTree +-- js-yaml@3.7.0
122 silly currentTree +-- jsbn@0.1.1
122 silly currentTree +-- json-schema-traverse@0.3.1
122 silly currentTree +-- json-schema@0.2.3
122 silly currentTree +-- json-stable-stringify@1.0.1
122 silly currentTree +-- json-stringify-safe@5.0.1
122 silly currentTree +-- jsonify@0.0.0
122 silly currentTree +-- jsprim@1.4.1
122 silly currentTree +-- lodash@4.16.6
122 silly currentTree +-- media-typer@0.3.0
122 silly currentTree +-- merge-descriptors@1.0.0
122 silly currentTree +-- methods@1.1.2
122 silly currentTree +-- mime-db@1.30.0
122 silly currentTree +-- mime-types@2.1.17
122 silly currentTree +-- mime@1.3.4
122 silly currentTree +-- minimatch@3.0.4
122 silly currentTree +-- minimist@0.0.8
122 silly currentTree +-- mkdirp@0.5.1
122 silly currentTree +-- ms@0.7.1
122 silly currentTree +-- mysql@2.15.0
122 silly currentTree +-- nan@2.6.2
122 silly currentTree +-- negotiator@0.5.3
122 silly currentTree +-- node-pre-gyp@0.6.36
122 silly currentTree +-- nopt@4.0.1
122 silly currentTree +-- npmlog@4.1.2
122 silly currentTree +-- number-is-nan@1.0.1
122 silly currentTree +-- oauth-sign@0.8.2
122 silly currentTree +-- object-assign@4.1.1
122 silly currentTree +-- on-finished@2.2.1
122 silly currentTree +-- on-headers@1.0.1
122 silly currentTree +-- once@1.4.0
122 silly currentTree +-- os-homedir@1.0.2
122 silly currentTree +-- os-tmpdir@1.0.2
122 silly currentTree +-- osenv@0.1.4
122 silly currentTree +-- parseurl@1.3.2
122 silly currentTree +-- path-is-absolute@1.0.1
122 silly currentTree +-- path-to-regexp@0.1.3
122 silly currentTree +-- performance-now@2.1.0
122 silly currentTree +-- ports@1.1.0
122 silly currentTree +-- process-nextick-args@1.0.7
122 silly currentTree +-- proxy-addr@1.0.10
122 silly currentTree +-- punycode@1.4.1
122 silly currentTree +-- qs@2.4.2
122 silly currentTree +-- random-bytes@1.0.0
122 silly currentTree +-- range-parser@1.0.3
122 silly currentTree +-- raw-body@2.3.2
122 silly currentTree +-- rc@1.2.1
122 silly currentTree | `-- minimist@1.2.0
122 silly currentTree +-- readable-stream@2.3.3
122 silly currentTree +-- request@2.83.0
122 silly currentTree | `-- qs@6.5.1
122 silly currentTree +-- rimraf@2.6.2
122 silly currentTree +-- safe-buffer@5.1.1
122 silly currentTree +-- semver@5.4.1
122 silly currentTree +-- send@0.12.3
122 silly currentTree +-- serve-static@1.9.3
122 silly currentTree +-- set-blocking@2.0.0
122 silly currentTree +-- setprototypeof@1.0.3
122 silly currentTree +-- signal-exit@3.0.2
122 silly currentTree +-- sntp@2.0.2
122 silly currentTree +-- sprintf-js@1.0.3
122 silly currentTree +-- sqlstring@2.3.0
122 silly currentTree +-- sshpk@1.13.1
122 silly currentTree +-- statuses@1.3.1
122 silly currentTree +-- string_decoder@1.0.3
122 silly currentTree +-- string-width@1.0.2
122 silly currentTree +-- stringstream@0.0.5
122 silly currentTree +-- strip-ansi@3.0.1
122 silly currentTree +-- strip-json-comments@2.0.1
122 silly currentTree +-- tar-pack@3.4.0
122 silly currentTree +-- tar@2.2.1
122 silly currentTree +-- tough-cookie@2.3.3
122 silly currentTree +-- tunnel-agent@0.6.0
122 silly currentTree +-- tweetnacl@0.14.5
122 silly currentTree +-- type-is@1.6.15
122 silly currentTree +-- uid-number@0.0.6
122 silly currentTree +-- uid-safe@2.1.5
122 silly currentTree +-- underscore@1.8.3
122 silly currentTree +-- unpipe@1.0.0
122 silly currentTree +-- util-deprecate@1.0.2
122 silly currentTree +-- utils-merge@1.0.0
122 silly currentTree +-- uuid@3.1.0
122 silly currentTree +-- validator@5.7.0
122 silly currentTree +-- vary@1.0.1
122 silly currentTree +-- verror@1.10.0
122 silly currentTree +-- wide-align@1.1.2
122 silly currentTree `-- wrappy@1.0.2
123 silly idealTree package.json@1.0.0
123 silly idealTree +-- abbrev@1.1.1
123 silly idealTree +-- accepts@1.2.13
123 silly idealTree +-- ajv@5.2.3
123 silly idealTree +-- angular@1.6.6
123 silly idealTree +-- ansi-regex@2.1.1
123 silly idealTree +-- aproba@1.2.0
123 silly idealTree +-- are-we-there-yet@1.1.4
123 silly idealTree +-- argparse@1.0.9
123 silly idealTree +-- asn1@0.2.3
123 silly idealTree +-- assert-plus@1.0.0
123 silly idealTree +-- asynckit@0.4.0
123 silly idealTree +-- aws-sign2@0.7.0
123 silly idealTree +-- aws4@1.6.0
123 silly idealTree +-- balanced-match@1.0.0
123 silly idealTree +-- bcrypt-pbkdf@1.0.1
123 silly idealTree +-- bcrypt@0.8.7
123 silly idealTree | `-- nan@2.3.5
123 silly idealTree +-- bignumber.js@4.0.4
123 silly idealTree +-- bindings@1.2.1
123 silly idealTree +-- block-stream@0.0.9
123 silly idealTree +-- bluebird@3.4.7
123 silly idealTree +-- body-parser@1.18.2
123 silly idealTree | +-- debug@2.6.9
123 silly idealTree | +-- depd@1.1.1
123 silly idealTree | +-- ee-first@1.1.1
123 silly idealTree | +-- ms@2.0.0
123 silly idealTree | +-- on-finished@2.3.0
123 silly idealTree | `-- qs@6.5.1
123 silly idealTree +-- boom@4.3.1
123 silly idealTree +-- brace-expansion@1.1.8
123 silly idealTree +-- bytes@3.0.0
123 silly idealTree +-- caseless@0.12.0
123 silly idealTree +-- cfenv@1.0.4
123 silly idealTree +-- co@4.6.0
123 silly idealTree +-- code-point-at@1.1.0
123 silly idealTree +-- combined-stream@1.0.5
123 silly idealTree +-- concat-map@0.0.1
123 silly idealTree +-- console-control-strings@1.1.0
123 silly idealTree +-- content-disposition@0.5.0
123 silly idealTree +-- content-type@1.0.4
123 silly idealTree +-- cookie-parser@1.4.3
123 silly idealTree | `-- cookie@0.3.1
123 silly idealTree +-- cookie-signature@1.0.6
123 silly idealTree +-- cookie@0.1.2
123 silly idealTree +-- core-util-is@1.0.2
123 silly idealTree +-- crc@3.2.1
123 silly idealTree +-- cryptiles@3.1.2
123 silly idealTree | `-- boom@5.2.0
123 silly idealTree +-- dashdash@1.14.1
123 silly idealTree +-- debug@2.2.0
123 silly idealTree +-- deep-extend@0.4.2
123 silly idealTree +-- delayed-stream@1.0.0
123 silly idealTree +-- delegates@1.0.0
123 silly idealTree +-- depd@1.0.1
123 silly idealTree +-- destroy@1.0.3
123 silly idealTree +-- dotenv@1.2.0
123 silly idealTree +-- ecc-jsbn@0.1.1
123 silly idealTree +-- ee-first@1.1.0
123 silly idealTree +-- escape-html@1.0.1
123 silly idealTree +-- esprima@2.7.3
123 silly idealTree +-- etag@1.6.0
123 silly idealTree +-- express-session@1.15.6
123 silly idealTree | +-- cookie@0.3.1
123 silly idealTree | +-- crc@3.4.4
123 silly idealTree | +-- debug@2.6.9
123 silly idealTree | +-- depd@1.1.1
123 silly idealTree | +-- ms@2.0.0
123 silly idealTree | `-- utils-merge@1.0.1
123 silly idealTree +-- express-validator@2.21.0
123 silly idealTree +-- express@4.12.4
123 silly idealTree +-- extend@3.0.1
123 silly idealTree +-- extsprintf@1.3.0
123 silly idealTree +-- fast-deep-equal@1.0.0
123 silly idealTree +-- finalhandler@0.3.6
123 silly idealTree +-- forever-agent@0.6.1
123 silly idealTree +-- form-data@2.3.1
123 silly idealTree +-- forwarded@0.1.2
123 silly idealTree +-- fresh@0.2.4
123 silly idealTree +-- fs.realpath@1.0.0
123 silly idealTree +-- fstream-ignore@1.0.5
123 silly idealTree +-- fstream@1.0.11
123 silly idealTree +-- gauge@2.7.4
123 silly idealTree +-- getpass@0.1.7
123 silly idealTree +-- glob@7.1.2
123 silly idealTree +-- graceful-fs@4.1.11
123 silly idealTree +-- har-schema@2.0.0
123 silly idealTree +-- har-validator@5.0.3
123 silly idealTree +-- has-unicode@2.0.1
123 silly idealTree +-- hawk@6.0.2
123 silly idealTree +-- hoek@4.2.0
123 silly idealTree +-- http-errors@1.6.2
123 silly idealTree | `-- depd@1.1.1
123 silly idealTree +-- http-signature@1.2.0
123 silly idealTree +-- http@0.0.0
123 silly idealTree +-- iconv-lite@0.4.19
123 silly idealTree +-- inflight@1.0.6
123 silly idealTree +-- inherits@2.0.3
123 silly idealTree +-- ini@1.3.4
123 silly idealTree +-- ipaddr.js@1.0.5
123 silly idealTree +-- is-fullwidth-code-point@1.0.0
123 silly idealTree +-- is-typedarray@1.0.0
123 silly idealTree +-- isarray@1.0.0
123 silly idealTree +-- isstream@0.1.2
123 silly idealTree +-- js-yaml@3.7.0
123 silly idealTree +-- jsbn@0.1.1
123 silly idealTree +-- json-schema-traverse@0.3.1
123 silly idealTree +-- json-schema@0.2.3
123 silly idealTree +-- json-stable-stringify@1.0.1
123 silly idealTree +-- json-stringify-safe@5.0.1
123 silly idealTree +-- jsonify@0.0.0
123 silly idealTree +-- jsprim@1.4.1
123 silly idealTree +-- lodash@4.16.6
123 silly idealTree +-- media-typer@0.3.0
123 silly idealTree +-- merge-descriptors@1.0.0
123 silly idealTree +-- methods@1.1.2
123 silly idealTree +-- mime-db@1.30.0
123 silly idealTree +-- mime-types@2.1.17
123 silly idealTree +-- mime@1.3.4
123 silly idealTree +-- minimatch@3.0.4
123 silly idealTree +-- minimist@0.0.8
123 silly idealTree +-- mkdirp@0.5.1
123 silly idealTree +-- ms@0.7.1
123 silly idealTree +-- mysql@2.15.0
123 silly idealTree +-- nan@2.6.2
123 silly idealTree +-- negotiator@0.5.3
123 silly idealTree +-- node-pre-gyp@0.6.36
123 silly idealTree +-- nopt@4.0.1
123 silly idealTree +-- npmlog@4.1.2
123 silly idealTree +-- number-is-nan@1.0.1
123 silly idealTree +-- oauth-sign@0.8.2
123 silly idealTree +-- object-assign@4.1.1
123 silly idealTree +-- on-finished@2.2.1
123 silly idealTree +-- on-headers@1.0.1
123 silly idealTree +-- once@1.4.0
123 silly idealTree +-- os-homedir@1.0.2
123 silly idealTree +-- os-tmpdir@1.0.2
123 silly idealTree +-- osenv@0.1.4
123 silly idealTree +-- parseurl@1.3.2
123 silly idealTree +-- path-is-absolute@1.0.1
123 silly idealTree +-- path-to-regexp@0.1.3
123 silly idealTree +-- performance-now@2.1.0
123 silly idealTree +-- ports@1.1.0
123 silly idealTree +-- process-nextick-args@1.0.7
123 silly idealTree +-- proxy-addr@1.0.10
123 silly idealTree +-- punycode@1.4.1
123 silly idealTree +-- qs@2.4.2
123 silly idealTree +-- random-bytes@1.0.0
123 silly idealTree +-- range-parser@1.0.3
123 silly idealTree +-- raw-body@2.3.2
123 silly idealTree +-- rc@1.2.1
123 silly idealTree | `-- minimist@1.2.0
123 silly idealTree +-- readable-stream@2.3.3
123 silly idealTree +-- request@2.83.0
123 silly idealTree | `-- qs@6.5.1
123 silly idealTree +-- rimraf@2.6.2
123 silly idealTree +-- safe-buffer@5.1.1
123 silly idealTree +-- semver@5.4.1
123 silly idealTree +-- send@0.12.3
123 silly idealTree +-- serve-static@1.9.3
123 silly idealTree +-- set-blocking@2.0.0
123 silly idealTree +-- setprototypeof@1.0.3
123 silly idealTree +-- signal-exit@3.0.2
123 silly idealTree +-- sntp@2.0.2
123 silly idealTree +-- sprintf-js@1.0.3
123 silly idealTree +-- sqlstring@2.3.0
123 silly idealTree +-- sshpk@1.13.1
123 silly idealTree +-- statuses@1.3.1
123 silly idealTree +-- string_decoder@1.0.3
123 silly idealTree +-- string-width@1.0.2
123 silly idealTree +-- stringstream@0.0.5
123 silly idealTree +-- strip-ansi@3.0.1
123 silly idealTree +-- strip-json-comments@2.0.1
123 silly idealTree +-- tar-pack@3.4.0
123 silly idealTree +-- tar@2.2.1
123 silly idealTree +-- tough-cookie@2.3.3
123 silly idealTree +-- tunnel-agent@0.6.0
123 silly idealTree +-- tweetnacl@0.14.5
123 silly idealTree +-- type-is@1.6.15
123 silly idealTree +-- uid-number@0.0.6
123 silly idealTree +-- uid-safe@2.1.5
123 silly idealTree +-- underscore@1.8.3
123 silly idealTree +-- unpipe@1.0.0
123 silly idealTree +-- util-deprecate@1.0.2
123 silly idealTree +-- utils-merge@1.0.0
123 silly idealTree +-- uuid@3.1.0
123 silly idealTree +-- validator@5.7.0
123 silly idealTree +-- vary@1.0.1
123 silly idealTree +-- verror@1.10.0
123 silly idealTree +-- wide-align@1.1.2
123 silly idealTree `-- wrappy@1.0.2
124 silly generateActionsToTake Starting
125 silly install generateActionsToTake
126 silly generateActionsToTake Finishing
127 silly diffTrees action count 3
128 silly diffTrees add nan@2.3.5
129 silly diffTrees add bindings@1.2.1
130 silly diffTrees add bcrypt@0.8.7
131 silly decomposeActions action count 24
132 silly decomposeActions fetch nan@2.3.5
133 silly decomposeActions extract nan@2.3.5
134 silly decomposeActions test nan@2.3.5
135 silly decomposeActions preinstall nan@2.3.5
136 silly decomposeActions build nan@2.3.5
137 silly decomposeActions install nan@2.3.5
138 silly decomposeActions postinstall nan@2.3.5
139 silly decomposeActions finalize nan@2.3.5
140 silly decomposeActions fetch bindings@1.2.1
141 silly decomposeActions extract bindings@1.2.1
142 silly decomposeActions test bindings@1.2.1
143 silly decomposeActions preinstall bindings@1.2.1
144 silly decomposeActions build bindings@1.2.1
145 silly decomposeActions install bindings@1.2.1
146 silly decomposeActions postinstall bindings@1.2.1
147 silly decomposeActions finalize bindings@1.2.1
148 silly decomposeActions fetch bcrypt@0.8.7
149 silly decomposeActions extract bcrypt@0.8.7
150 silly decomposeActions test bcrypt@0.8.7
151 silly decomposeActions preinstall bcrypt@0.8.7
152 silly decomposeActions build bcrypt@0.8.7
153 silly decomposeActions install bcrypt@0.8.7
154 silly decomposeActions postinstall bcrypt@0.8.7
155 silly decomposeActions finalize bcrypt@0.8.7
156 silly runTopLevelLifecycles Starting
157 silly executeActions Starting
158 silly install executeActions
159 silly doSerial global-install 0
160 silly doParallel fetch 3
161 verbose correctMkdir C:\Users\IBM_ADMIN\AppData\Roaming\npm-cache\_locks correctMkdir not in flight; initializing
162 verbose lock using C:\Users\IBM_ADMIN\AppData\Roaming\npm-cache\_locks\staging-734599349d27ea62.lock for C:\Dev\TimeTrack\node_modules\.staging
163 silly doParallel extract 3
164 silly extract nan@2.3.5
165 silly extract bindings@1.2.1
166 silly extract bcrypt@0.8.7
167 verbose unbuild node_modules\.staging\bindings-b9bb9da5
168 verbose unbuild node_modules\.staging\nan-d56191a2
169 verbose unbuild node_modules\.staging\bcrypt-139b1311
170 silly gentlyRm C:\Dev\TimeTrack\node_modules\.staging\bindings-b9bb9da5 is being purged from base C:\Dev\TimeTrack
171 verbose gentlyRm don't care about contents; nuking C:\Dev\TimeTrack\node_modules\.staging\bindings-b9bb9da5
172 silly gentlyRm C:\Dev\TimeTrack\node_modules\.staging\nan-d56191a2 is being purged from base C:\Dev\TimeTrack
173 verbose gentlyRm don't care about contents; nuking C:\Dev\TimeTrack\node_modules\.staging\nan-d56191a2
174 silly gentlyRm C:\Dev\TimeTrack\node_modules\.staging\bcrypt-139b1311 is being purged from base C:\Dev\TimeTrack
175 verbose gentlyRm don't care about contents; nuking C:\Dev\TimeTrack\node_modules\.staging\bcrypt-139b1311
176 verbose tar unpack C:\Users\IBM_ADMIN\AppData\Roaming\npm-cache\bindings\1.2.1\package.tgz
177 verbose tar unpacking to C:\Dev\TimeTrack\node_modules\.staging\bindings-b9bb9da5
178 silly gentlyRm C:\Dev\TimeTrack\node_modules\.staging\bindings-b9bb9da5 is being purged
179 verbose gentlyRm don't care about contents; nuking C:\Dev\TimeTrack\node_modules\.staging\bindings-b9bb9da5
180 verbose tar unpack C:\Users\IBM_ADMIN\AppData\Roaming\npm-cache\nan\2.3.5\package.tgz
181 verbose tar unpacking to C:\Dev\TimeTrack\node_modules\.staging\nan-d56191a2
182 silly gentlyRm C:\Dev\TimeTrack\node_modules\.staging\nan-d56191a2 is being purged
183 verbose gentlyRm don't care about contents; nuking C:\Dev\TimeTrack\node_modules\.staging\nan-d56191a2
184 verbose tar unpack C:\Users\IBM_ADMIN\AppData\Roaming\npm-cache\bcrypt\0.8.7\package.tgz
185 verbose tar unpacking to C:\Dev\TimeTrack\node_modules\.staging\bcrypt-139b1311
186 silly gentlyRm C:\Dev\TimeTrack\node_modules\.staging\bcrypt-139b1311 is being purged
187 verbose gentlyRm don't care about contents; nuking C:\Dev\TimeTrack\node_modules\.staging\bcrypt-139b1311
188 silly gunzTarPerm modes [ '777', '666' ]
189 silly gunzTarPerm modes [ '777', '666' ]
190 silly gunzTarPerm modes [ '777', '666' ]
191 silly gunzTarPerm extractEntry package.json
192 silly gunzTarPerm modified mode [ 'package.json', 420, 438 ]
193 silly gunzTarPerm extractEntry package.json
194 silly gunzTarPerm modified mode [ 'package.json', 420, 438 ]
195 silly gunzTarPerm extractEntry package.json
196 silly gunzTarPerm modified mode [ 'package.json', 436, 438 ]
197 silly gunzTarPerm extractEntry .npmignore
198 silly gunzTarPerm modified mode [ '.npmignore', 420, 438 ]
199 silly gunzTarPerm extractEntry README.md
200 silly gunzTarPerm modified mode [ 'README.md', 420, 438 ]
201 silly gunzTarPerm extractEntry README.md
202 silly gunzTarPerm modified mode [ 'README.md', 420, 438 ]
203 silly gunzTarPerm extractEntry bindings.js
204 silly gunzTarPerm modified mode [ 'bindings.js', 420, 438 ]
205 silly gunzTarPerm extractEntry README.md
206 silly gunzTarPerm modified mode [ 'README.md', 436, 438 ]
207 silly gunzTarPerm extractEntry include_dirs.js
208 silly gunzTarPerm modified mode [ 'include_dirs.js', 436, 438 ]
209 silly gunzTarPerm extractEntry LICENSE
210 silly gunzTarPerm modified mode [ 'LICENSE', 420, 438 ]
211 silly gunzTarPerm extractEntry bcrypt.js
212 silly gunzTarPerm modified mode [ 'bcrypt.js', 420, 438 ]
213 silly gunzTarPerm extractEntry Makefile
214 silly gunzTarPerm modified mode [ 'Makefile', 420, 438 ]
215 silly gunzTarPerm extractEntry .travis.yml
216 silly gunzTarPerm modified mode [ '.travis.yml', 420, 438 ]
217 silly gunzTarPerm extractEntry CHANGELOG.md
218 silly gunzTarPerm modified mode [ 'CHANGELOG.md', 420, 438 ]
219 silly gunzTarPerm extractEntry binding.gyp
220 silly gunzTarPerm modified mode [ 'binding.gyp', 420, 438 ]
221 silly gunzTarPerm extractEntry examples/async_compare.js
222 silly gunzTarPerm modified mode [ 'examples/async_compare.js', 420, 438 ]
223 silly gunzTarPerm extractEntry examples/forever_gen_salt.js
224 silly gunzTarPerm modified mode [ 'examples/forever_gen_salt.js', 420, 438 ]
225 silly gunzTarPerm extractEntry test/async.js
226 silly gunzTarPerm modified mode [ 'test/async.js', 420, 438 ]
227 silly gunzTarPerm extractEntry test/repetitions.js
228 silly gunzTarPerm modified mode [ 'test/repetitions.js', 420, 438 ]
229 silly gunzTarPerm extractEntry test/sync.js
230 silly gunzTarPerm modified mode [ 'test/sync.js', 420, 438 ]
231 silly gunzTarPerm extractEntry ISSUE_TEMPLATE.md
232 silly gunzTarPerm modified mode [ 'ISSUE_TEMPLATE.md', 420, 438 ]
233 silly gunzTarPerm extractEntry src/bcrypt.cc
234 silly gunzTarPerm modified mode [ 'src/bcrypt.cc', 420, 438 ]
235 silly gunzTarPerm extractEntry src/bcrypt_node.cc
236 silly gunzTarPerm modified mode [ 'src/bcrypt_node.cc', 420, 438 ]
237 silly gunzTarPerm extractEntry src/blowfish.cc
238 silly gunzTarPerm modified mode [ 'src/blowfish.cc', 420, 438 ]
239 silly gunzTarPerm extractEntry src/node_blf.h
240 silly gunzTarPerm modified mode [ 'src/node_blf.h', 420, 438 ]
241 silly gunzTarPerm extractEntry werker.yml
242 silly gunzTarPerm modified mode [ 'werker.yml', 420, 438 ]
243 silly gunzTarPerm extractEntry nan_converters.h
244 silly gunzTarPerm modified mode [ 'nan_converters.h', 436, 438 ]
245 silly gunzTarPerm extractEntry LICENSE.md
246 silly gunzTarPerm modified mode [ 'LICENSE.md', 436, 438 ]
247 silly gunzTarPerm extractEntry doc/node_misc.md
248 silly gunzTarPerm modified mode [ 'doc/node_misc.md', 436, 438 ]
249 silly gunzTarPerm extractEntry doc/asyncworker.md
250 silly gunzTarPerm modified mode [ 'doc/asyncworker.md', 436, 438 ]
251 silly gunzTarPerm extractEntry doc/callback.md
252 silly gunzTarPerm modified mode [ 'doc/callback.md', 436, 438 ]
253 silly gunzTarPerm extractEntry doc/converters.md
254 silly gunzTarPerm modified mode [ 'doc/converters.md', 436, 438 ]
255 silly gunzTarPerm extractEntry doc/errors.md
256 silly gunzTarPerm modified mode [ 'doc/errors.md', 436, 438 ]
257 silly gunzTarPerm extractEntry doc/maybe_types.md
258 silly gunzTarPerm modified mode [ 'doc/maybe_types.md', 436, 438 ]
259 silly gunzTarPerm extractEntry doc/methods.md
260 silly gunzTarPerm modified mode [ 'doc/methods.md', 436, 438 ]
261 silly gunzTarPerm extractEntry doc/new.md
262 silly gunzTarPerm modified mode [ 'doc/new.md', 436, 438 ]
263 silly gentlyRm C:\Dev\TimeTrack\node_modules\.staging\bindings-b9bb9da5\node_modules is being purged
264 verbose gentlyRm don't care about contents; nuking C:\Dev\TimeTrack\node_modules\.staging\bindings-b9bb9da5\node_modules
265 silly gunzTarPerm extractEntry doc/buffers.md
266 silly gunzTarPerm modified mode [ 'doc/buffers.md', 436, 438 ]
267 silly gunzTarPerm extractEntry doc/object_wrappers.md
268 silly gunzTarPerm modified mode [ 'doc/object_wrappers.md', 436, 438 ]
269 silly gunzTarPerm extractEntry doc/persistent.md
270 silly gunzTarPerm modified mode [ 'doc/persistent.md', 436, 438 ]
271 silly gunzTarPerm extractEntry doc/scopes.md
272 silly gunzTarPerm modified mode [ 'doc/scopes.md', 436, 438 ]
273 silly gunzTarPerm extractEntry doc/script.md
274 silly gunzTarPerm modified mode [ 'doc/script.md', 436, 438 ]
275 silly gunzTarPerm extractEntry doc/string_bytes.md
276 silly gunzTarPerm modified mode [ 'doc/string_bytes.md', 436, 438 ]
277 silly gunzTarPerm extractEntry doc/v8_internals.md
278 silly gunzTarPerm modified mode [ 'doc/v8_internals.md', 436, 438 ]
279 silly gunzTarPerm extractEntry doc/v8_misc.md
280 silly gunzTarPerm modified mode [ 'doc/v8_misc.md', 436, 438 ]
281 silly gunzTarPerm extractEntry nan.h
282 silly gunzTarPerm modified mode [ 'nan.h', 436, 438 ]
283 silly gunzTarPerm extractEntry nan_callbacks.h
284 silly gunzTarPerm modified mode [ 'nan_callbacks.h', 436, 438 ]
285 silly gunzTarPerm extractEntry nan_callbacks_12_inl.h
286 silly gunzTarPerm modified mode [ 'nan_callbacks_12_inl.h', 436, 438 ]
287 silly gunzTarPerm extractEntry nan_callbacks_pre_12_inl.h
288 silly gunzTarPerm modified mode [ 'nan_callbacks_pre_12_inl.h', 436, 438 ]
289 silly gunzTarPerm extractEntry nan_converters_43_inl.h
290 silly gunzTarPerm modified mode [ 'nan_converters_43_inl.h', 436, 438 ]
291 silly gunzTarPerm extractEntry nan_converters_pre_43_inl.h
292 silly gunzTarPerm modified mode [ 'nan_converters_pre_43_inl.h', 436, 438 ]
293 silly gunzTarPerm extractEntry nan_implementation_12_inl.h
294 silly gunzTarPerm modified mode [ 'nan_implementation_12_inl.h', 436, 438 ]
295 silly gunzTarPerm extractEntry nan_implementation_pre_12_inl.h
296 silly gunzTarPerm modified mode [ 'nan_implementation_pre_12_inl.h', 436, 438 ]
297 silly gunzTarPerm extractEntry nan_maybe_43_inl.h
298 silly gunzTarPerm modified mode [ 'nan_maybe_43_inl.h', 436, 438 ]
299 silly gunzTarPerm extractEntry nan_maybe_pre_43_inl.h
300 silly gunzTarPerm modified mode [ 'nan_maybe_pre_43_inl.h', 436, 438 ]
301 silly gunzTarPerm extractEntry nan_new.h
302 silly gunzTarPerm modified mode [ 'nan_new.h', 436, 438 ]
303 silly gunzTarPerm extractEntry nan_object_wrap.h
304 silly gunzTarPerm modified mode [ 'nan_object_wrap.h', 436, 438 ]
305 silly gunzTarPerm extractEntry nan_persistent_12_inl.h
306 silly gunzTarPerm modified mode [ 'nan_persistent_12_inl.h', 436, 438 ]
307 silly gunzTarPerm extractEntry nan_persistent_pre_12_inl.h
308 silly gunzTarPerm modified mode [ 'nan_persistent_pre_12_inl.h', 436, 438 ]
309 silly gunzTarPerm extractEntry nan_string_bytes.h
310 silly gunzTarPerm modified mode [ 'nan_string_bytes.h', 436, 438 ]
311 silly gunzTarPerm extractEntry nan_typedarray_contents.h
312 silly gunzTarPerm modified mode [ 'nan_typedarray_contents.h', 436, 438 ]
313 silly gunzTarPerm extractEntry nan_weak.h
314 silly gunzTarPerm modified mode [ 'nan_weak.h', 436, 438 ]
315 silly gunzTarPerm extractEntry CHANGELOG.md
316 silly gunzTarPerm modified mode [ 'CHANGELOG.md', 436, 438 ]
317 silly gunzTarPerm extractEntry tools/package.json
318 silly gunzTarPerm modified mode [ 'tools/package.json', 436, 438 ]
319 silly gunzTarPerm extractEntry tools/README.md
320 silly gunzTarPerm modified mode [ 'tools/README.md', 436, 438 ]
321 silly gunzTarPerm extractEntry tools/1to2.js
322 silly gunzTarPerm modified mode [ 'tools/1to2.js', 509, 511 ]
323 silly gentlyRm C:\Dev\TimeTrack\node_modules\.staging\bcrypt-139b1311\node_modules is being purged
324 verbose gentlyRm don't care about contents; nuking C:\Dev\TimeTrack\node_modules\.staging\bcrypt-139b1311\node_modules
325 silly gentlyRm C:\Dev\TimeTrack\node_modules\.staging\nan-d56191a2\node_modules is being purged
326 verbose gentlyRm don't care about contents; nuking C:\Dev\TimeTrack\node_modules\.staging\nan-d56191a2\node_modules
327 silly doParallel preinstall 3
328 silly preinstall nan@2.3.5 C:\Dev\TimeTrack\node_modules\.staging\nan-d56191a2
329 info lifecycle nan@2.3.5~preinstall: nan@2.3.5
330 silly preinstall bindings@1.2.1 C:\Dev\TimeTrack\node_modules\.staging\bindings-b9bb9da5
331 info lifecycle bindings@1.2.1~preinstall: bindings@1.2.1
332 silly preinstall bcrypt@0.8.7 C:\Dev\TimeTrack\node_modules\.staging\bcrypt-139b1311
333 info lifecycle bcrypt@0.8.7~preinstall: bcrypt@0.8.7
334 silly lifecycle nan@2.3.5~preinstall: no script for preinstall, continuing
335 silly lifecycle bindings@1.2.1~preinstall: no script for preinstall, continuing
336 silly lifecycle bcrypt@0.8.7~preinstall: no script for preinstall, continuing
337 silly doReverseSerial remove 0
338 silly doSerial move 0
339 silly doSerial finalize 3
340 silly finalize C:\Dev\TimeTrack\node_modules\bcrypt\node_modules\nan
341 silly finalize C:\Dev\TimeTrack\node_modules\bindings
342 silly finalize C:\Dev\TimeTrack\node_modules\bcrypt
343 silly doSerial build 3
344 silly build nan@2.3.5
345 info linkStuff nan@2.3.5
346 silly linkStuff nan@2.3.5 has C:\Dev\TimeTrack\node_modules\bcrypt\node_modules as its parent node_modules
347 verbose linkBins nan@2.3.5
348 verbose linkMans nan@2.3.5
349 silly build bindings@1.2.1
350 info linkStuff bindings@1.2.1
351 silly linkStuff bindings@1.2.1 has C:\Dev\TimeTrack\node_modules as its parent node_modules
352 verbose linkBins bindings@1.2.1
353 verbose linkMans bindings@1.2.1
354 silly build bcrypt@0.8.7
355 info linkStuff bcrypt@0.8.7
356 silly linkStuff bcrypt@0.8.7 has C:\Dev\TimeTrack\node_modules as its parent node_modules
357 verbose linkBins bcrypt@0.8.7
358 verbose linkMans bcrypt@0.8.7
359 silly doSerial global-link 0
360 silly doParallel update-linked 0
361 silly doSerial install 3
362 silly install nan@2.3.5 C:\Dev\TimeTrack\node_modules\.staging\nan-d56191a2
363 info lifecycle nan@2.3.5~install: nan@2.3.5
364 silly lifecycle nan@2.3.5~install: no script for install, continuing
365 silly install bindings@1.2.1 C:\Dev\TimeTrack\node_modules\.staging\bindings-b9bb9da5
366 info lifecycle bindings@1.2.1~install: bindings@1.2.1
367 silly lifecycle bindings@1.2.1~install: no script for install, continuing
368 silly install bcrypt@0.8.7 C:\Dev\TimeTrack\node_modules\.staging\bcrypt-139b1311
369 info lifecycle bcrypt@0.8.7~install: bcrypt@0.8.7
370 verbose lifecycle bcrypt@0.8.7~install: unsafe-perm in lifecycle true
371 verbose lifecycle bcrypt@0.8.7~install: PATH: C:\Program Files\nodejs\node_modules\npm\bin\node-gyp-bin;C:\Dev\TimeTrack\node_modules\bcrypt\node_modules\.bin;C:\Dev\TimeTrack\node_modules\.bin;C:\ProgramData\Oracle\Java\javapath;C:\Program Files (x86)\RSA SecurID Token Common;C:\Program Files\RSA SecurID Token Common;C:\windows\system32;C:\windows;C:\windows\System32\Wbem;C:\windows\System32\WindowsPowerShell\v1.0\;C:\Program Files\ThinkPad\Bluetooth Software\;C:\Program Files\ThinkPad\Bluetooth Software\syswow64;C:\Program Files (x86)\IBM\Personal Communications\;C:\Program Files (x86)\IBM\Trace Facility\;C:\Program Files\Intel\WiFi\bin\;C:\Program Files\Common Files\Intel\WirelessCommon\;C:\Program Files (x86)\IBM\Mobility Client\;C:\Program Files\IBM\Bluemix\bin;C:\Program Files\nodejs\;C:\Program Files\PuTTY\;C:\Program Files\Git\cmd;C:\Program Files\Intel\WiFi\bin\;C:\Program Files\Common Files\Intel\WirelessCommon\;C:\Users\IBM_ADMIN\AppData\Roaming\npm;C:\Users\IBM_ADMIN\AppData\Local\atom\bin
372 verbose lifecycle bcrypt@0.8.7~install: CWD: C:\Dev\TimeTrack\node_modules\bcrypt
373 silly lifecycle bcrypt@0.8.7~install: Args: [ '/d /s /c', 'node-gyp rebuild' ]
374 silly lifecycle bcrypt@0.8.7~install: Returned: code: 1  signal: null
375 info lifecycle bcrypt@0.8.7~install: Failed to exec install script
376 verbose unlock done using C:\Users\IBM_ADMIN\AppData\Roaming\npm-cache\_locks\staging-734599349d27ea62.lock for C:\Dev\TimeTrack\node_modules\.staging
377 silly rollbackFailedOptional Starting
378 silly rollbackFailedOptional Finishing
379 silly runTopLevelLifecycles Finishing
380 silly install printInstalled
381 verbose stack Error: bcrypt@0.8.7 install: `node-gyp rebuild`
381 verbose stack Exit status 1
381 verbose stack     at EventEmitter.<anonymous> (C:\Program Files\nodejs\node_modules\npm\lib\utils\lifecycle.js:255:16)
381 verbose stack     at emitTwo (events.js:106:13)
381 verbose stack     at EventEmitter.emit (events.js:191:7)
381 verbose stack     at ChildProcess.<anonymous> (C:\Program Files\nodejs\node_modules\npm\lib\utils\spawn.js:40:14)
381 verbose stack     at emitTwo (events.js:106:13)
381 verbose stack     at ChildProcess.emit (events.js:191:7)
381 verbose stack     at maybeClose (internal/child_process.js:920:16)
381 verbose stack     at Process.ChildProcess._handle.onexit (internal/child_process.js:230:5)
382 verbose pkgid bcrypt@0.8.7
383 verbose cwd C:\Dev\TimeTrack
384 error Windows_NT 6.1.7601
385 error argv "C:\\Program Files\\nodejs\\node.exe" "C:\\Program Files\\nodejs\\node_modules\\npm\\bin\\npm-cli.js" "install" "bcrypt"
386 error node v6.11.3
387 error npm  v3.10.10
388 error code ELIFECYCLE
389 error bcrypt@0.8.7 install: `node-gyp rebuild`
389 error Exit status 1
390 error Failed at the bcrypt@0.8.7 install script 'node-gyp rebuild'.
390 error Make sure you have the latest version of node.js and npm installed.
390 error If you do, this is most likely a problem with the bcrypt package,
390 error not with npm itself.
390 error Tell the author that this fails on your system:
390 error     node-gyp rebuild
390 error You can get information on how to open an issue for this project with:
390 error     npm bugs bcrypt
390 error Or if that isn't available, you can get their info via:
390 error     npm owner ls bcrypt
390 error There is likely additional logging output above.
391 verbose exit [ 1, true ]
